<?xml version="1.0" encoding="UTF-8"?>
<!-- Generated by org.testng.reporters.JUnitXMLReporter -->
<testsuite hostname="ATMECSINLT-135" ignored="0" name="Test3" tests="2" failures="2" timestamp="2019-08-02T18:10:20 IST" time="22.765" errors="0">
  <testcase name="testRecentRunsPage" time="16.264" classname="com.atmecs.falconrepoertdashboard.testscripts.recentruns.TestExportTestResult">
    <failure type="org.openqa.selenium.TimeoutException" message="Expected condition failed: waiting for com.atmecs.falconrepoertdashboard.utils.CommanUtils$$Lambda$272/1601800698@5bc28f40 (tried for 10 second(s) with 500 milliseconds interval)
Build info: version: &amp;apos;3.141.59&amp;apos;, revision: &amp;apos;e82be7d358&amp;apos;, time: &amp;apos;2018-11-14T08:17:03&amp;apos;
System info: host: &amp;apos;ATMECSINLT-135&amp;apos;, ip: &amp;apos;192.168.56.1&amp;apos;, os.name: &amp;apos;Windows 10&amp;apos;, os.arch: &amp;apos;amd64&amp;apos;, os.version: &amp;apos;10.0&amp;apos;, java.version: &amp;apos;1.8.0_201&amp;apos;
Driver info: org.openqa.selenium.chrome.ChromeDriver
Capabilities {acceptInsecureCerts: false, acceptSslCerts: false, applicationCacheEnabled: false, browserConnectionEnabled: false, browserName: chrome, chrome: {chromedriverVersion: 2.41.578737 (49da6702b16031..., userDataDir: C:\Users\MAYUR~1.PAT\AppDat...}, cssSelectorsEnabled: true, databaseEnabled: false, goog:chromeOptions: {debuggerAddress: localhost:60867}, handlesAlerts: true, hasTouchScreen: false, javascriptEnabled: true, locationContextEnabled: true, mobileEmulationEnabled: false, nativeEvents: true, networkConnectionEnabled: false, pageLoadStrategy: normal, platform: XP, platformName: XP, rotatable: false, setWindowRect: true, takesHeapSnapshot: true, takesScreenshot: true, unexpectedAlertBehaviour: , unhandledPromptBehavior: , version: 75.0.3770.142, webStorageEnabled: true}
Session ID: a239640648c7d4cd34488927651042a6">
      <![CDATA[org.openqa.selenium.TimeoutException: Expected condition failed: waiting for com.atmecs.falconrepoertdashboard.utils.CommanUtils$$Lambda$272/1601800698@5bc28f40 (tried for 10 second(s) with 500 milliseconds interval)
Build info: version: '3.141.59', revision: 'e82be7d358', time: '2018-11-14T08:17:03'
System info: host: 'ATMECSINLT-135', ip: '192.168.56.1', os.name: 'Windows 10', os.arch: 'amd64', os.version: '10.0', java.version: '1.8.0_201'
Driver info: org.openqa.selenium.chrome.ChromeDriver
Capabilities {acceptInsecureCerts: false, acceptSslCerts: false, applicationCacheEnabled: false, browserConnectionEnabled: false, browserName: chrome, chrome: {chromedriverVersion: 2.41.578737 (49da6702b16031..., userDataDir: C:\Users\MAYUR~1.PAT\AppDat...}, cssSelectorsEnabled: true, databaseEnabled: false, goog:chromeOptions: {debuggerAddress: localhost:60867}, handlesAlerts: true, hasTouchScreen: false, javascriptEnabled: true, locationContextEnabled: true, mobileEmulationEnabled: false, nativeEvents: true, networkConnectionEnabled: false, pageLoadStrategy: normal, platform: XP, platformName: XP, rotatable: false, setWindowRect: true, takesHeapSnapshot: true, takesScreenshot: true, unexpectedAlertBehaviour: , unhandledPromptBehavior: , version: 75.0.3770.142, webStorageEnabled: true}
Session ID: a239640648c7d4cd34488927651042a6
at org.openqa.selenium.support.ui.WebDriverWait.timeoutException(WebDriverWait.java:95)
at org.openqa.selenium.support.ui.FluentWait.until(FluentWait.java:272)
at com.atmecs.falconrepoertdashboard.utils.CommanUtils.verifyFileDownload(CommanUtils.java:164)
at com.atmecs.falconrepoertdashboard.pages.ViewPage.verifyFileDownloaded(ViewPage.java:58)
at com.atmecs.falconrepoertdashboard.helpers.ViewHelper.verifyFileDownload(ViewHelper.java:20)
at com.atmecs.falconrepoertdashboard.testscripts.recentruns.TestExportTestResult.testRecentRunsPage(TestExportTestResult.java:35)
... Removed 28 stack frames]]>
    </failure>
  </testcase> <!-- testRecentRunsPage -->
  <testcase name="testRecentRunsPage" time="16.27" classname="com.atmecs.falconrepoertdashboard.testscripts.recentruns.TestExportTestResult">
    <failure type="java.lang.NullPointerException">
      <![CDATA[java.lang.NullPointerException
at com.atmecs.falconrepoertdashboard.report.TestNGListeners.takesScreenShot(TestNGListeners.java:121)
at com.atmecs.falconrepoertdashboard.report.TestNGListeners.onTestFailure(TestNGListeners.java:73)
... Removed 25 stack frames]]>
    </failure>
  </testcase> <!-- testRecentRunsPage -->
</testsuite> <!-- Test3 -->
